Arguments: 
  /usr/local/bin/node /usr/local/bin/yarn install

PATH: 
  /home/arunteja/.rvm/gems/ruby-2.4.0/bin:/home/arunteja/.rvm/gems/ruby-2.4.0@global/bin:/home/arunteja/.rvm/rubies/ruby-2.4.0/bin:/home/arunteja/bin:/home/arunteja/.local/bin:/home/arunteja/bin:/home/arunteja/.local/bin:/usr/local/sbin:/usr/local/bin:/usr/sbin:/usr/bin:/sbin:/bin:/usr/games:/usr/local/games:/snap/bin:/snap/bin:/home/arunteja/.rvm/bin

Yarn version: 
  0.24.5

Node version: 
  7.8.0

Platform: 
  linux x64

npm manifest: 
  {
    "name": "tohnew",
    "version": "0.0.0",
    "license": "MIT",
    "scripts": {
      "ng": "ng",
      "start": "ng serve",
      "build": "ng build",
      "test": "ng test",
      "lint": "ng lint",
      "e2e": "ng e2e"
    },
    "private": true,
    "dependencies": {
      "@angular/common": "^4.0.0",
      "@angular/compiler": "^4.0.0",
      "@angular/core": "^4.0.0",
      "@angular/forms": "^4.0.0",
      "@angular/http": "^4.0.0",
      "@angular/platform-browser": "^4.0.0",
      "@angular/platform-browser-dynamic": "^4.0.0",
      "@angular/router": "^4.0.0",
      "core-js": "^2.4.1",
      "rxjs": "^5.1.0",
      "zone.js": "^0.8.4"
    },
    "devDependencies": {
      "@angular/cli": "1.0.0",
      "@angular/compiler-cli": "^4.0.0",
      "@types/jasmine": "2.5.38",
      "@types/node": "~6.0.60",
      "codelyzer": "~2.0.0",
      "jasmine-core": "~2.5.2",
      "jasmine-spec-reporter": "~3.2.0",
      "karma": "~1.4.1",
      "karma-chrome-launcher": "~2.0.0",
      "karma-cli": "~1.0.1",
      "karma-jasmine": "~1.1.0",
      "karma-jasmine-html-reporter": "^0.2.2",
      "karma-coverage-istanbul-reporter": "^0.2.0",
      "protractor": "~5.1.0",
      "ts-node": "~2.0.0",
      "tslint": "~4.5.0",
      "typescript": "~2.2.0"
    }
  }

yarn manifest: 
  No manifest

Lockfile: 
  No lockfile

Trace: 
  Error: https://registry.yarnpkg.com/@angular/tsc-wrapped/-/tsc-wrapped-4.4.6.tgz: Request failed "503 Service Unavailable"
      at Request.handleRequestError (/usr/local/lib/node_modules/yarn/lib/fetchers/tarball-fetcher.js:200:20)
      at emitOne (events.js:96:13)
      at Request.emit (events.js:191:7)
      at Request.onRequestResponse (/usr/local/lib/node_modules/yarn/node_modules/request/request.js:1074:10)
      at emitOne (events.js:96:13)
      at ClientRequest.emit (events.js:191:7)
      at HTTPParser.parserOnIncomingClient (_http_client.js:522:21)
      at HTTPParser.parserOnHeadersComplete (_http_common.js:99:23)
      at TLSSocket.socketOnData (_http_client.js:411:20)
      at emitOne (events.js:96:13)
      at TLSSocket.emit (events.js:191:7)
